Removed Pin From Net: NetName=NetCON901_1 Pin=CON901-1
Removed Pin From Net: NetName=USB3DP'_N Pin=CON901-2
Removed Pin From Net: NetName=USB3DP'_P Pin=CON901-3
Removed Pin From Net: NetName=CHASIS Pin=CON901-G1
Removed Pin From Net: NetName=CHASIS Pin=CON901-G2
Removed Pin From Net: NetName=CHASIS Pin=CON901-G3
Removed Pin From Net: NetName=CHASIS Pin=CON901-G4
Removed Member From Class: ClassName=09 USB HUB Member=CON901
Added Component: Designator=J900(TE 1932638-3 USB2.0A)
Add component (AddParameter): Name = "ComponentLink1Description"; Value = "Datasheet"; VariantName = "[No Variations]"
Add component (AddParameter): Name = "ComponentLink1URL"; Value = "https://www.te.com/commerce/DocumentDelivery/DDEController?Action=srchrtrv&DocNm=501-60007-1&DocType=SS&DocLang=EN"; VariantName = "[No Variations]"
Add component (AddParameter): Name = "ComponentLink2Description"; Value = "DigiKey Link"; VariantName = "[No Variations]"
Add component (AddParameter): Name = "ComponentLink2URL"; Value = "//digikey.com/product-detail/en/te-connectivity-amp-connectors/1932638-3/A117902TR-ND/4731612"; VariantName = "[No Variations]"
Add component (AddParameter): Name = "Connector Type"; Value = "USB - A"; VariantName = "[No Variations]"
Add component (AddParameter): Name = "Current Rating (Amps)"; Value = "1A per Contact"; VariantName = "[No Variations]"
Add component (AddParameter): Name = "Features"; Value = "Solder Retention"; VariantName = "[No Variations]"
Add component (AddParameter): Name = "Gender"; Value = "Receptacle"; VariantName = "[No Variations]"
Add component (AddParameter): Name = "LastUpdated"; Value = "12/9/2019 8:47:08 PM"; VariantName = "[No Variations]"
Add component (AddParameter): Name = "Lifecycle Status"; Value = "0"; VariantName = "[No Variations]"
Add component (AddParameter): Name = "Manufacturer"; Value = "TE Connectivity AMP Connectors"; VariantName = "[No Variations]"
Add component (AddParameter): Name = "Mating Cycles"; Value = "1500"; VariantName = "[No Variations]"
Add component (AddParameter): Name = "Minimum Order"; Value = "1"; VariantName = "[No Variations]"
Add component (AddParameter): Name = "Mounting Feature"; Value = "Horizontal"; VariantName = "[No Variations]"
Add component (AddParameter): Name = "Mounting Type"; Value = "Surface Mount, Right Angle"; VariantName = "[No Variations]"
Add component (AddParameter): Name = "Number of Contacts"; Value = "4"; VariantName = "[No Variations]"
Add component (AddParameter): Name = "Number of Ports"; Value = "1"; VariantName = "[No Variations]"
Add component (AddParameter): Name = "Operating Temperature"; Value = "-55°C ~ 85°C"; VariantName = "[No Variations]"
Add component (AddParameter): Name = "Packaging"; Value = "TapeAndReel"; VariantName = "[No Variations]"
Add component (AddParameter): Name = "Part Number"; Value = "1932638-3"; VariantName = "[No Variations]"
Add component (AddParameter): Name = "Part Status"; Value = "Active"; VariantName = "[No Variations]"
Add component (AddParameter): Name = "Price"; Value = "0.97"; VariantName = "[No Variations]"
Add component (AddParameter): Name = "Series"; Value = "-"; VariantName = "[No Variations]"
Add component (AddParameter): Name = "Shielding"; Value = "Shielded"; VariantName = "[No Variations]"
Add component (AddParameter): Name = "Specifications"; Value = "USB 2.0"; VariantName = "[No Variations]"
Add component (AddParameter): Name = "Supplier 1"; Value = "DigiKey"; VariantName = "[No Variations]"
Add component (AddParameter): Name = "Supplier Part Number 1"; Value = "A117902TR-ND"; VariantName = "[No Variations]"
Add component (AddParameter): Name = "Termination"; Value = "Solder"; VariantName = "[No Variations]"
Add component (AddParameter): Name = "Voltage - Rated"; Value = "30VAC"; VariantName = "[No Variations]"
Added Pin To Net: NetName=NetCON901_1 Pin=J900-1
Added Pin To Net: NetName=USB3DP'_N Pin=J900-2
Added Pin To Net: NetName=USB3DP'_P Pin=J900-3
Added Pin To Net: NetName=CHASIS Pin=J900-S
Added Pin To Net: NetName=CHASIS Pin=J900-S
Added Pin To Net: NetName=CHASIS Pin=J900-S
Added Pin To Net: NetName=CHASIS Pin=J900-S
Change Net Name : Old Net Name=NetCON901_1 New Net Name=NetD901_2
Added Pin To Net: NetName=NetJ900_4 Pin=J900-4
Added Pin To Net: NetName=NetJ900_4 Pin=L902-1
Added Net: Name=NetJ900_4
Added Class: Name=N000-5_[0..2]
Added Class: Name=N000-6_[0..3]
Added Class: Name=N000-7_[0..9]
Added Class: Name=N000-8_[0..1]
Added Class: Name=N000-9_[0..8]
Added Class: Name=N000-10_[0..3]
Added Class: Name=N000-11_[0..1]
Added Class: Name=N000-12_[0..15]
Added Class: Name=N000-13_[0..1]
Added Class: Name=N000-14_[0..2]
Added Class: Name=N000-15_[0..1]
Added Class: Name=N000-16_[0..5]
Added Class: Name=N000-17_[0..9]
Added Class: Name=N000-18_[0..3]
Added Class: Name=N000-20_[0..1]
Added Member To Class: ClassName=09 USB HUB Member=Component J900 1932638-3
