Removed Member From Class: ClassName=USB Member=USB3DP_N
Removed Member From Class: ClassName=USB Member=USB3DP_P
Added Pin To Net: NetName=USB2_UP_P Pin=L904-2
Added Pin To Net: NetName=USB2_UP_N Pin=L904-3
Added Class: Name=N000-1_[0..1]
Added Class: Name=N000-2_[0..5]
Added Class: Name=N000-3_[0..3]
Added Class: Name=N000-5_[0..2]
Added Class: Name=N000-6_[0..1]
Added Class: Name=N000-8_[0..3]
Added Class: Name=N000-9_[0..9]
Added Class: Name=N000-11_[0..6]
Added Class: Name=N000-12_[0..3]
Added Class: Name=N000-13_[0..1]
Added Class: Name=N000-14_[0..2]
Added Class: Name=N000-15_[0..15]
Added Class: Name=N000-16_[0..3]
Added Class: Name=N000-17_[0..9]
Added Class: Name=N000-18_[0..8]
Remove Class Member: Failed to remove class member
