Added Component: Designator=J900(ON SHORE TECHNOLOGY USB-A1HSW6)
Add component (AddParameter): Name = "ComponentLink1Description"; Value = "Datasheet"; VariantName = "[No Variations]"
Add component (AddParameter): Name = "ComponentLink1URL"; Value = "http://www.on-shore.com/wp-content/uploads/USB-A1HSXX.pdf"; VariantName = "[No Variations]"
Add component (AddParameter): Name = "ComponentLink2Description"; Value = "DigiKey Link"; VariantName = "[No Variations]"
Add component (AddParameter): Name = "ComponentLink2URL"; Value = "http://digikey.com/product-detail/en/on-shore-technology-inc/USB-A1HSW6/ED2989-ND/2677750"; VariantName = "[No Variations]"
Add component (AddParameter): Name = "Connector Type"; Value = "USB - A"; VariantName = "[No Variations]"
Add component (AddParameter): Name = "Current Rating (Amps)"; Value = "1A"; VariantName = "[No Variations]"
Add component (AddParameter): Name = "Features"; Value = "Board Lock"; VariantName = "[No Variations]"
Add component (AddParameter): Name = "Gender"; Value = "Receptacle"; VariantName = "[No Variations]"
Add component (AddParameter): Name = "LastUpdated"; Value = "4/30/2020 11:56:44 AM"; VariantName = "[No Variations]"
Add component (AddParameter): Name = "Lifecycle Status"; Value = "Active"; VariantName = "[No Variations]"
Add component (AddParameter): Name = "Manufacturer"; Value = "On Shore Technology Inc."; VariantName = "[No Variations]"
Add component (AddParameter): Name = "Minimum Order"; Value = "1"; VariantName = "[No Variations]"
Add component (AddParameter): Name = "Mounting Feature"; Value = "Horizontal"; VariantName = "[No Variations]"
Add component (AddParameter): Name = "Mounting Type"; Value = "Through Hole, Right Angle"; VariantName = "[No Variations]"
Add component (AddParameter): Name = "Number of Contacts"; Value = "4"; VariantName = "[No Variations]"
Add component (AddParameter): Name = "Number of Ports"; Value = "1"; VariantName = "[No Variations]"
Add component (AddParameter): Name = "Operating Temperature"; Value = "0°C ~ 85°C"; VariantName = "[No Variations]"
Add component (AddParameter): Name = "Packaging"; Value = "Tray"; VariantName = "[No Variations]"
Add component (AddParameter): Name = "Part Number"; Value = "USB-A1HSW6"; VariantName = "[No Variations]"
Add component (AddParameter): Name = "Part Status"; Value = "Active"; VariantName = "[No Variations]"
Add component (AddParameter): Name = "Price"; Value = "0.48"; VariantName = "[No Variations]"
Add component (AddParameter): Name = "Series"; Value = "-"; VariantName = "[No Variations]"
Add component (AddParameter): Name = "Shielding"; Value = "Unshielded"; VariantName = "[No Variations]"
Add component (AddParameter): Name = "Supplier 1"; Value = "DigiKey"; VariantName = "[No Variations]"
Add component (AddParameter): Name = "Supplier Part Number 1"; Value = "ED2989-ND"; VariantName = "[No Variations]"
Add component (AddParameter): Name = "Termination"; Value = "Solder"; VariantName = "[No Variations]"
Add component (AddParameter): Name = "Voltage - Rated"; Value = "30VAC"; VariantName = "[No Variations]"
Added Pin To Net: NetName=NetD901_2 Pin=J900-1
Added Pin To Net: NetName=USB3DP'_N Pin=J900-2
Added Pin To Net: NetName=USB3DP'_P Pin=J900-3
Added Pin To Net: NetName=NetJ900_4 Pin=J900-4
Added Pin To Net: NetName=CHASIS Pin=J900-S
Added Pin To Net: NetName=CHASIS Pin=J900-S
Added Member To Class: ClassName=09 USB HUB Member=Component J900 USB-A1HSW6
