Removed Pin From Net: NetName=GND Pin=FD103-FD-1
Removed Pin From Net: NetName=NetSW800_3 Pin=TP800-TP
Removed Pin From Net: NetName=GND Pin=TP801-TP
Change Component Footprint: Designator=TP800 Old Footprint=KEYSTONE_5019 New Footprint=PCBComponent_1
Change Component Footprint: Designator=TP801 Old Footprint=KEYSTONE_5019 New Footprint=PCBComponent_1
Change Component Comment : Designator=TP800 Old Comment=5019 New Comment=test point
Change Component Comment : Designator=TP801 Old Comment=5019 New Comment=test point
Change component parameters: Designator = "TP800" ("TP800"); Footprint = "KEYSTONE_5019"; UniqueID = "\CADKPHSG" ("\CADKPHSG")
Change component parameters: Designator = "TP801" ("TP801"); Footprint = "KEYSTONE_5019"; UniqueID = "\MDSXUYEP" ("\MDSXUYEP")
Add Pin To Net: Unknown Pin: Pin TP800-CN10_52
Add Pin To Net: Unknown Pin: Pin TP801-CN10_52
Added Class: Name=N000-7_[0..3]
Added Class: Name=N000-8_[0..5]
Added Class: Name=N000-9_[0..1]
Added Class: Name=N000-10_[0..9]
Added Class: Name=N000-11_[0..2]
Added Class: Name=N000-12_[0..9]
Added Class: Name=N000-13_[0..3]
Added Class: Name=N000-14_[0..3]
Added Class: Name=N000-15_[0..6]
Added Class: Name=N000-16_[0..2]
Added Class: Name=N000-17_[0..1]
Added Class: Name=N000-18_[0..1]
Added Class: Name=N000-19_[0..3]
