Removed Pin From Net: NetName=GND Pin=J1100-1
Removed Pin From Net: NetName=Non-Polarized Pin=J1100-3
Removed Pin From Net: NetName=CHASIS Pin=J1100-S1
Removed Pin From Net: NetName=CHASIS Pin=J1100-S2
Change Component Footprint: Designator=J1100 Old Footprint=MOLEX_533980367 New Footprint=HIROSE DF13-3P-1.25H
Change component parameters: Designator = "J1100" ("J1100"); Footprint = "MOLEX_533980367"; UniqueID = "\CUVINZJR" ("\CUVINZJR")
Change component parameters (AddParameter): Name = "ComponentLink1Description"; Value = "Datasheet"; VariantName = "[No Variations]"
Change component parameters (AddParameter): Name = "ComponentLink1URL"; Value = "https://www.hirose.com/product/document?clcode=CL0536-0109-0-76&productname=DF13-10P-1.25DSA(76)&series=DF13&documenttype=Catalog&lang=en&documentid=D31687_en"; VariantName = "[No Variations]"
Change component parameters (AddParameter): Name = "ComponentLink2Description"; Value = "DigiKey Link"; VariantName = "[No Variations]"
Change component parameters (AddParameter): Name = "ComponentLink2URL"; Value = "//digikey.com/product-detail/en/hirose-electric-co-ltd/DF13-3P-1.25H-75/H126394-ND/9170627"; VariantName = "[No Variations]"
Change component parameters (AddParameter): Name = "Connector Type"; Value = "Header"; VariantName = "[No Variations]"
Change component parameters (AddParameter): Name = "Contact Finish - Mating"; Value = "Tin"; VariantName = "[No Variations]"
Change component parameters (AddParameter): Name = "Contact Finish - Post"; Value = "Tin"; VariantName = "[No Variations]"
Change component parameters (AddParameter): Name = "Contact Finish Thickness - Mating"; Value = "39.4µin (1.00µm)"; VariantName = "[No Variations]"
Change component parameters (AddParameter): Name = "Contact Material"; Value = "Brass"; VariantName = "[No Variations]"
Change component parameters (AddParameter): Name = "Contact Shape"; Value = "Square"; VariantName = "[No Variations]"
Change component parameters (AddParameter): Name = "Contact Type"; Value = "Male Pin"; VariantName = "[No Variations]"
Change component parameters (AddParameter): Name = "Current Rating (Amps)"; Value = "1A"; VariantName = "[No Variations]"
Change component parameters (AddParameter): Name = "Fastening Type"; Value = "Detent Lock"; VariantName = "[No Variations]"
Change component parameters (AddParameter): Name = "Features"; Value = "Board Guide, Solder Retention"; VariantName = "[No Variations]"
Change component parameters (AddParameter): Name = "Insulation Color"; Value = "Beige"; VariantName = "[No Variations]"
Change component parameters (AddParameter): Name = "Insulation Height"; Value = "0.142" (3.60mm)"; VariantName = "[No Variations]"
Change component parameters (AddParameter): Name = "Insulation Material"; Value = "Polyamide (PA), Nylon"; VariantName = "[No Variations]"
Change component parameters (AddParameter): Name = "LastUpdated"; Value = "12/16/2019 7:22:47 PM"; VariantName = "[No Variations]"
Change component parameters (AddParameter): Name = "Lifecycle Status"; Value = "0"; VariantName = "[No Variations]"
Change component parameters (AddParameter): Name = "Manufacturer"; Value = "Hirose Electric Co Ltd"; VariantName = "[No Variations]"
Change component parameters (AddParameter): Name = "Material Flammability Rating"; Value = "UL94 V-0"; VariantName = "[No Variations]"
Change component parameters (AddParameter): Name = "Minimum Order"; Value = "1"; VariantName = "[No Variations]"
Change component parameters (AddParameter): Name = "Mounting Type"; Value = "Surface Mount, Right Angle"; VariantName = "[No Variations]"
Change component parameters (AddParameter): Name = "Number of Positions"; Value = "3"; VariantName = "[No Variations]"
Change component parameters (AddParameter): Name = "Number of Positions Loaded"; Value = "All"; VariantName = "[No Variations]"
Change component parameters (AddParameter): Name = "Number of Rows"; Value = "1"; VariantName = "[No Variations]"
Change component parameters (AddParameter): Name = "Operating Temperature"; Value = "-35°C ~ 85°C"; VariantName = "[No Variations]"
Change component parameters (AddParameter): Name = "Packaging"; Value = "Tube"; VariantName = "[No Variations]"
Change component parameters (AddParameter): Name = "Part Number"; Value = "DF13-3P-1.25H(75)"; VariantName = "[No Variations]"
Change component parameters (AddParameter): Name = "Part Status"; Value = "Active"; VariantName = "[No Variations]"
Change component parameters (AddParameter): Name = "PartId"; Value = "2"; VariantName = "[No Variations]"
Change component parameters (AddParameter): Name = "Pitch - Mating"; Value = "0.049" (1.25mm)"; VariantName = "[No Variations]"
Change component parameters (AddParameter): Name = "Price"; Value = "0.41"; VariantName = "[No Variations]"
Change component parameters (AddParameter): Name = "Series"; Value = "DF13"; VariantName = "[No Variations]"
Change component parameters (AddParameter): Name = "Shrouding"; Value = "Shrouded - 4 Wall"; VariantName = "[No Variations]"
Change component parameters (AddParameter): Name = "Style"; Value = "Board to Cable/Wire"; VariantName = "[No Variations]"
Change component parameters (AddParameter): Name = "Supplier 1"; Value = "DigiKey"; VariantName = "[No Variations]"
Change component parameters (AddParameter): Name = "Supplier Part Number 1"; Value = "H126394-ND"; VariantName = "[No Variations]"
Change component parameters (AddParameter): Name = "Termination"; Value = "Solder"; VariantName = "[No Variations]"
Change component parameters (AddParameter): Name = "Voltage Rating"; Value = "150V"; VariantName = "[No Variations]"
Added Pin To Net: NetName=Non-Polarized Pin=J1100-1
Added Pin To Net: NetName=GND Pin=J1100-3
Added Class: Name=N000-1_[0..8]
Added Class: Name=N000-3_[0..1]
Added Class: Name=N000-4_[0..2]
Added Class: Name=N000-5_[0..3]
Added Class: Name=N000-6_[0..9]
Added Class: Name=N000-8_[0..1]
Added Class: Name=N000-9_[0..15]
Added Class: Name=N000-10_[0..1]
Added Class: Name=N000-11_[0..2]
Added Class: Name=N000-13_[0..5]
Added Class: Name=N000-14_[0..9]
Added Class: Name=N000-15_[0..3]
Added Class: Name=N000-16_[0..3]
Added Class: Name=N000-17_[0..6]
Added Class: Name=N000-18_[0..3]
Added Class: Name=N000-20_[0..1]
