Removed Pin From Net: NetName=GND Pin=C903-2
Removed Pin From Net: NetName=GND Pin=C904-2
Removed Pin From Net: NetName=GND Pin=C905-1
Removed Pin From Net: NetName=GND Pin=C906-1
Removed Pin From Net: NetName=GND Pin=C907-2
Removed Pin From Net: NetName=GND Pin=C908-1
Removed Pin From Net: NetName=GND Pin=C909-1
Removed Pin From Net: NetName=GND Pin=C910-2
Removed Pin From Net: NetName=GND Pin=C911-1
Removed Pin From Net: NetName=GND Pin=C912-1
Removed Pin From Net: NetName=GND Pin=C913-2
Removed Pin From Net: NetName=GND Pin=C914-1
Removed Pin From Net: NetName=GND Pin=C915-1
Removed Pin From Net: NetName=GND Pin=C916-1
Removed Pin From Net: NetName=GND Pin=C923-2
Removed Pin From Net: NetName=GND Pin=C924-2
Removed Pin From Net: NetName=+5V Pin=L909-2
Removed Pin From Net: NetName=GND Pin=R900-1
Removed Pin From Net: NetName=GND Pin=R902-1
Removed Pin From Net: NetName=GND Pin=R905-1
Removed Pin From Net: NetName=GND Pin=R906-2
Removed Pin From Net: NetName=GND Pin=R907-1
Removed Pin From Net: NetName=GND Pin=R908-1
Removed Pin From Net: NetName=GND Pin=R909-1
Removed Pin From Net: NetName=+5V Pin=R910-2
Removed Pin From Net: NetName=GND Pin=U901-6
Removed Pin From Net: NetName=GND Pin=U901-10
Removed Pin From Net: NetName=GND Pin=U901-16
Removed Pin From Net: NetName=USB3DP_N Pin=U901-17
Removed Pin From Net: NetName=USB3DP_P Pin=U901-18
Removed Pin From Net: NetName=GND Pin=U901-22
Removed Pin From Net: NetName=GND Pin=U901-25
Removed Pin From Net: NetName=USB2_UP_N Pin=U901-30
Removed Pin From Net: NetName=USB2_UP_P Pin=U901-31
Removed Pin From Net: NetName=GND Pin=U901-33
Removed Pin From Net: NetName=GND Pin=U901-37
Removed Pin From Net: NetName=GND Pin=U901-40
Removed Pin From Net: NetName=+VBUS_USB Pin=U901-48
Removed Pin From Net: NetName=GND Pin=XTAL900-2
Removed Pin From Net: NetName=GND Pin=XTAL900-4
Removed Member From Class: ClassName=09 USB HUB Member=C903
Removed Member From Class: ClassName=09 USB HUB Member=C904
Removed Member From Class: ClassName=09 USB HUB Member=C905
Removed Member From Class: ClassName=09 USB HUB Member=C906
Removed Member From Class: ClassName=09 USB HUB Member=C907
Removed Member From Class: ClassName=09 USB HUB Member=C908
Removed Member From Class: ClassName=09 USB HUB Member=C909
Removed Member From Class: ClassName=09 USB HUB Member=C910
Removed Member From Class: ClassName=09 USB HUB Member=C911
Removed Member From Class: ClassName=09 USB HUB Member=C912
Removed Member From Class: ClassName=09 USB HUB Member=C913
Removed Member From Class: ClassName=09 USB HUB Member=C914
Removed Member From Class: ClassName=09 USB HUB Member=C915
Removed Member From Class: ClassName=09 USB HUB Member=C916
Removed Member From Class: ClassName=09 USB HUB Member=C923
Removed Member From Class: ClassName=09 USB HUB Member=C924
Removed Member From Class: ClassName=09 USB HUB Member=L909
Removed Member From Class: ClassName=09 USB HUB Member=R900
Removed Member From Class: ClassName=09 USB HUB Member=R901
Removed Member From Class: ClassName=09 USB HUB Member=R902
Removed Member From Class: ClassName=09 USB HUB Member=R903
Removed Member From Class: ClassName=09 USB HUB Member=R904
Removed Member From Class: ClassName=09 USB HUB Member=R905
Removed Member From Class: ClassName=09 USB HUB Member=R906
Removed Member From Class: ClassName=09 USB HUB Member=R907
Removed Member From Class: ClassName=09 USB HUB Member=R908
Removed Member From Class: ClassName=09 USB HUB Member=R909
Removed Member From Class: ClassName=09 USB HUB Member=R910
Removed Member From Class: ClassName=09 USB HUB Member=TP909
Removed Member From Class: ClassName=09 USB HUB Member=TP910
Removed Member From Class: ClassName=09 USB HUB Member=U901
Removed Member From Class: ClassName=09 USB HUB Member=XTAL900
Added Class: Name=N000-5_[0..8]
Added Class: Name=N000-6_[0..3]
Added Class: Name=N000-7_[0..1]
Added Class: Name=N000-8_[0..6]
Added Class: Name=N000-9_[0..3]
Added Class: Name=N000-10_[0..3]
Added Class: Name=N000-11_[0..2]
Added Class: Name=N000-12_[0..1]
Added Class: Name=N000-13_[0..5]
Added Class: Name=N000-15_[0..1]
Added Class: Name=N000-17_[0..1]
Added Class: Name=N000-18_[0..3]
